<?xml version="1.0" encoding="UTF-8"?>
<!-- Generated by org.testng.reporters.JUnitXMLReporter -->
<testsuite hostname="DESKTOP-BBP365H" ignored="0" name="Mercury Tours Ticket Booking" tests="2" failures="0" timestamp="15 Dec 2017 16:15:35 GMT" time="40.408" errors="0">
  <testcase name="bookTicket" time="31.807" classname="finalAssignment.TC1_bookReturnTicket"/>
  <testcase name="validateCredntials" time="6.933" classname="finalAssignment.TC2_validateCredentials"/>
</testsuite> <!-- Mercury Tours Ticket Booking -->
